[2024-06-12 17:43:41,950: INFO: main: Welcome to our custom logging]
[2024-06-13 14:36:45,279: INFO: main: Welcome to our custom logging]
[2024-06-13 15:28:26,731: INFO: common: yaml file: config\config.yaml loaded successfully]
[2024-06-13 15:28:26,740: INFO: common: yaml file: params.yaml loaded successfully]
[2024-06-13 15:29:23,448: INFO: common: yaml file: config\config.yaml loaded successfully]
[2024-06-13 15:29:23,490: INFO: common: yaml file: params.yaml loaded successfully]
[2024-06-13 15:29:23,495: INFO: common: yaml file: schema.yaml loaded successfully]
[2024-06-13 15:29:23,500: INFO: common: created directory at: artifacts]
[2024-06-13 15:29:23,505: INFO: common: created directory at: artifacts/data_ingestion]
[2024-06-13 15:33:25,439: INFO: common: yaml file: config\config.yaml loaded successfully]
[2024-06-13 15:33:25,442: INFO: common: yaml file: params.yaml loaded successfully]
[2024-06-13 15:33:25,444: INFO: common: yaml file: schema.yaml loaded successfully]
[2024-06-13 15:33:25,446: INFO: common: created directory at: artifacts]
[2024-06-13 15:33:25,448: INFO: common: created directory at: artifacts/data_ingestion]
[2024-06-13 15:33:26,918: INFO: 3934216338: artifacts/data_ingestion/data.zip download! With following info: 
Connection: close
Content-Length: 23329
Cache-Control: max-age=300
Content-Security-Policy: default-src 'none'; style-src 'unsafe-inline'; sandbox
Content-Type: application/zip
ETag: "c69888a4ae59bc5a893392785a938ccd4937981c06ba8a9d6a21aa52b4ab5b6e"
Strict-Transport-Security: max-age=31536000
X-Content-Type-Options: nosniff
X-Frame-Options: deny
X-XSS-Protection: 1; mode=block
X-GitHub-Request-Id: 17E4:0E9E:70558C:76D321:666AF525
Accept-Ranges: bytes
Date: Thu, 13 Jun 2024 13:33:25 GMT
Via: 1.1 varnish
X-Served-By: cache-par-lfpg1960091-PAR
X-Cache: MISS
X-Cache-Hits: 0
X-Timer: S1718285606.522733,VS0,VE211
Vary: Authorization,Accept-Encoding,Origin
Access-Control-Allow-Origin: *
Cross-Origin-Resource-Policy: cross-origin
X-Fastly-Request-ID: 9bc30856dd4261be81f94c8abf1bd3fc2986375c
Expires: Thu, 13 Jun 2024 13:38:25 GMT
Source-Age: 0

]
[2024-06-13 16:02:35,344: INFO: main: >>>>> stage Data Ingestion stage started <<<<<]
[2024-06-13 16:02:35,345: INFO: common: yaml file: config\config.yaml loaded successfully]
[2024-06-13 16:02:35,346: INFO: common: yaml file: params.yaml loaded successfully]
[2024-06-13 16:02:35,347: INFO: common: yaml file: schema.yaml loaded successfully]
[2024-06-13 16:02:35,347: INFO: common: created directory at: artifacts]
[2024-06-13 16:02:35,348: INFO: common: created directory at: artifacts/data_ingestion]
[2024-06-13 16:02:36,810: INFO: data_ingestion: artifacts/data_ingestion/data.zip download! With following info: 
Connection: close
Content-Length: 23329
Cache-Control: max-age=300
Content-Security-Policy: default-src 'none'; style-src 'unsafe-inline'; sandbox
Content-Type: application/zip
ETag: "c69888a4ae59bc5a893392785a938ccd4937981c06ba8a9d6a21aa52b4ab5b6e"
Strict-Transport-Security: max-age=31536000
X-Content-Type-Options: nosniff
X-Frame-Options: deny
X-XSS-Protection: 1; mode=block
X-GitHub-Request-Id: 17E4:0E9E:70558C:76D321:666AF525
Accept-Ranges: bytes
Date: Thu, 13 Jun 2024 14:02:35 GMT
Via: 1.1 varnish
X-Served-By: cache-par-lfpg1960032-PAR
X-Cache: HIT
X-Cache-Hits: 0
X-Timer: S1718287355.445936,VS0,VE157
Vary: Authorization,Accept-Encoding,Origin
Access-Control-Allow-Origin: *
Cross-Origin-Resource-Policy: cross-origin
X-Fastly-Request-ID: bd4011a8cd7e3be29c775f724399b7061ae5fd43
Expires: Thu, 13 Jun 2024 14:07:35 GMT
Source-Age: 0

]
[2024-06-13 16:02:36,839: INFO: main: >>>>> stage Data Ingestion stage completed <<<<< 

 x======x]
[2024-06-13 16:36:56,164: INFO: common: yaml file: config\config.yaml loaded successfully]
[2024-06-13 16:36:56,177: INFO: common: yaml file: params.yaml loaded successfully]
[2024-06-13 16:36:56,195: INFO: common: yaml file: schema.yaml loaded successfully]
[2024-06-13 16:39:05,752: INFO: common: yaml file: config\config.yaml loaded successfully]
[2024-06-13 16:39:05,787: INFO: common: yaml file: params.yaml loaded successfully]
[2024-06-13 16:39:05,790: INFO: common: yaml file: schema.yaml loaded successfully]
[2024-06-13 16:41:39,875: INFO: common: yaml file: config\config.yaml loaded successfully]
[2024-06-13 16:41:39,877: INFO: common: yaml file: params.yaml loaded successfully]
[2024-06-13 16:41:39,881: INFO: common: yaml file: schema.yaml loaded successfully]
[2024-06-13 16:41:39,883: INFO: common: created directory at: artifacts]
[2024-06-13 16:41:39,884: INFO: common: created directory at: artifacts/data_validation]
[2024-06-13 16:51:51,768: INFO: common: yaml file: config\config.yaml loaded successfully]
[2024-06-13 16:51:51,771: INFO: common: yaml file: params.yaml loaded successfully]
[2024-06-13 16:51:51,775: INFO: common: yaml file: schema.yaml loaded successfully]
[2024-06-13 16:51:51,777: INFO: common: created directory at: artifacts]
[2024-06-13 16:51:51,779: INFO: common: created directory at: artifacts/data_validation]
[2024-06-13 16:52:42,039: INFO: common: yaml file: config\config.yaml loaded successfully]
[2024-06-13 16:52:42,042: INFO: common: yaml file: params.yaml loaded successfully]
[2024-06-13 16:52:42,045: INFO: common: yaml file: schema.yaml loaded successfully]
[2024-06-13 16:52:42,047: INFO: common: created directory at: artifacts]
[2024-06-13 16:52:42,048: INFO: common: created directory at: artifacts/data_validation]
[2024-06-13 17:06:57,228: INFO: main: >>>>> stage Data Ingestion stage started <<<<<]
[2024-06-13 17:06:57,229: INFO: common: yaml file: config\config.yaml loaded successfully]
[2024-06-13 17:06:57,230: INFO: common: yaml file: params.yaml loaded successfully]
[2024-06-13 17:06:57,231: INFO: common: yaml file: schema.yaml loaded successfully]
[2024-06-13 17:06:57,231: INFO: common: created directory at: artifacts]
[2024-06-13 17:06:57,232: INFO: common: created directory at: artifacts/data_ingestion]
[2024-06-13 17:06:57,233: INFO: data_ingestion: File already exists of size: ~ 23 KB]
[2024-06-13 17:06:57,242: INFO: main: >>>>> stage Data Ingestion stage completed <<<<< 

 x======x]
[2024-06-13 17:06:57,242: INFO: main: >>>>> stage Data Validation stage started <<<<<]
[2024-06-13 17:06:57,244: INFO: common: yaml file: config\config.yaml loaded successfully]
[2024-06-13 17:06:57,245: INFO: common: yaml file: params.yaml loaded successfully]
[2024-06-13 17:06:57,246: INFO: common: yaml file: schema.yaml loaded successfully]
[2024-06-13 17:06:57,247: INFO: common: created directory at: artifacts]
[2024-06-13 17:06:57,248: INFO: common: created directory at: artifacts/data_validation]
[2024-06-13 17:06:57,270: INFO: main: >>>>> stage Data Validation stage completed <<<<< 

 x======x]
[2024-06-13 17:24:20,567: INFO: common: yaml file: config\config.yaml loaded successfully]
[2024-06-13 17:24:20,582: INFO: common: yaml file: params.yaml loaded successfully]
[2024-06-13 17:24:20,586: INFO: common: yaml file: schema.yaml loaded successfully]
[2024-06-13 17:24:20,593: INFO: common: created directory at: artifacts]
[2024-06-13 17:24:20,595: INFO: common: created directory at: artifacts/data_transformation]
[2024-06-13 17:24:35,489: INFO: common: yaml file: config\config.yaml loaded successfully]
[2024-06-13 17:24:35,491: INFO: common: yaml file: params.yaml loaded successfully]
[2024-06-13 17:24:35,494: INFO: common: yaml file: schema.yaml loaded successfully]
[2024-06-13 17:24:35,495: INFO: common: created directory at: artifacts]
[2024-06-13 17:24:35,497: INFO: common: created directory at: artifacts/data_transformation]
[2024-06-13 17:25:54,466: INFO: common: yaml file: config\config.yaml loaded successfully]
[2024-06-13 17:25:54,468: INFO: common: yaml file: params.yaml loaded successfully]
[2024-06-13 17:25:54,472: INFO: common: yaml file: schema.yaml loaded successfully]
[2024-06-13 17:25:54,473: INFO: common: created directory at: artifacts]
[2024-06-13 17:25:54,474: INFO: common: created directory at: artifacts/data_transformation]
[2024-06-13 17:26:23,096: INFO: common: yaml file: config\config.yaml loaded successfully]
[2024-06-13 17:26:23,119: INFO: common: yaml file: params.yaml loaded successfully]
[2024-06-13 17:26:23,122: INFO: common: yaml file: schema.yaml loaded successfully]
[2024-06-13 17:26:23,126: INFO: common: created directory at: artifacts]
[2024-06-13 17:26:23,127: INFO: common: created directory at: artifacts/data_transformation]
[2024-06-13 17:26:46,871: INFO: common: yaml file: config\config.yaml loaded successfully]
[2024-06-13 17:26:46,873: INFO: common: yaml file: params.yaml loaded successfully]
[2024-06-13 17:26:46,875: INFO: common: yaml file: schema.yaml loaded successfully]
[2024-06-13 17:26:46,877: INFO: common: created directory at: artifacts]
[2024-06-13 17:26:46,878: INFO: common: created directory at: artifacts/data_transformation]
[2024-06-13 17:27:02,008: INFO: common: yaml file: config\config.yaml loaded successfully]
[2024-06-13 17:27:02,010: INFO: common: yaml file: params.yaml loaded successfully]
[2024-06-13 17:27:02,013: INFO: common: yaml file: schema.yaml loaded successfully]
[2024-06-13 17:27:02,014: INFO: common: created directory at: artifacts]
[2024-06-13 17:27:02,015: INFO: common: created directory at: artifacts/data_transformation]
[2024-06-13 17:29:28,757: INFO: common: yaml file: config\config.yaml loaded successfully]
[2024-06-13 17:29:28,759: INFO: common: yaml file: params.yaml loaded successfully]
[2024-06-13 17:29:28,762: INFO: common: yaml file: schema.yaml loaded successfully]
[2024-06-13 17:29:28,764: INFO: common: created directory at: artifacts]
[2024-06-13 17:29:28,765: INFO: common: created directory at: artifacts/data_transformation]
[2024-06-13 17:29:28,831: INFO: 349016299: Splitted data into training and test sets]
[2024-06-13 17:31:59,623: INFO: common: yaml file: config\config.yaml loaded successfully]
[2024-06-13 17:31:59,625: INFO: common: yaml file: params.yaml loaded successfully]
[2024-06-13 17:31:59,628: INFO: common: yaml file: schema.yaml loaded successfully]
[2024-06-13 17:31:59,630: INFO: common: created directory at: artifacts]
[2024-06-13 17:31:59,631: INFO: common: created directory at: artifacts/data_transformation]
[2024-06-13 17:31:59,666: INFO: 3957416125: Splitted data into training and test sets]
[2024-06-13 17:31:59,667: INFO: 3957416125: X_train shape: (1279, 11), y_train shape: (1279,)]
[2024-06-13 17:31:59,671: INFO: 3957416125: X_test shape: (320, 11), y_test shape: (320,)]
[2024-06-13 17:38:27,862: INFO: main: >>>>> stage Data Ingestion stage started <<<<<]
[2024-06-13 17:38:27,864: INFO: common: yaml file: config\config.yaml loaded successfully]
[2024-06-13 17:38:27,865: INFO: common: yaml file: params.yaml loaded successfully]
[2024-06-13 17:38:27,866: INFO: common: yaml file: schema.yaml loaded successfully]
[2024-06-13 17:38:27,867: INFO: common: created directory at: artifacts]
[2024-06-13 17:38:27,868: INFO: common: created directory at: artifacts/data_ingestion]
[2024-06-13 17:38:27,868: INFO: data_ingestion: File already exists of size: ~ 23 KB]
[2024-06-13 17:38:27,876: INFO: main: >>>>> stage Data Ingestion stage completed <<<<< 

 x======x]
[2024-06-13 17:38:27,876: INFO: main: >>>>> stage Data Validation stage started <<<<<]
[2024-06-13 17:38:27,877: INFO: common: yaml file: config\config.yaml loaded successfully]
[2024-06-13 17:38:27,878: INFO: common: yaml file: params.yaml loaded successfully]
[2024-06-13 17:38:27,879: INFO: common: yaml file: schema.yaml loaded successfully]
[2024-06-13 17:38:27,879: INFO: common: created directory at: artifacts]
[2024-06-13 17:38:27,879: INFO: common: created directory at: artifacts/data_validation]
[2024-06-13 17:38:27,906: INFO: main: >>>>> stage Data Validation stage completed <<<<< 

 x======x]
[2024-06-13 17:38:27,914: INFO: main: >>>>> stage Data Transformation stage started <<<<<]
[2024-06-13 17:38:27,916: INFO: common: yaml file: config\config.yaml loaded successfully]
[2024-06-13 17:38:27,917: INFO: common: yaml file: params.yaml loaded successfully]
[2024-06-13 17:38:27,918: INFO: common: yaml file: schema.yaml loaded successfully]
[2024-06-13 17:38:27,919: INFO: common: created directory at: artifacts]
[2024-06-13 17:38:27,919: INFO: common: created directory at: artifacts/data_transformation]
[2024-06-13 17:38:27,951: INFO: data_transformation: Splitted data into training and test sets]
[2024-06-13 17:38:27,951: INFO: data_transformation: X_train shape: (1279, 11), y_train shape: (1279,)]
[2024-06-13 17:38:27,952: INFO: data_transformation: X_test shape: (320, 11), y_test shape: (320,)]
[2024-06-13 17:38:27,952: INFO: main: >>>>> stage Data Transformation stage completed <<<<< 

 x======x]
[2024-06-13 17:38:45,447: INFO: main: >>>>> stage Data Ingestion stage started <<<<<]
[2024-06-13 17:38:45,449: INFO: common: yaml file: config\config.yaml loaded successfully]
[2024-06-13 17:38:45,449: INFO: common: yaml file: params.yaml loaded successfully]
[2024-06-13 17:38:45,451: INFO: common: yaml file: schema.yaml loaded successfully]
[2024-06-13 17:38:45,452: INFO: common: created directory at: artifacts]
[2024-06-13 17:38:45,452: INFO: common: created directory at: artifacts/data_ingestion]
[2024-06-13 17:38:46,786: INFO: data_ingestion: artifacts/data_ingestion/data.zip download! With following info: 
Connection: close
Content-Length: 23329
Cache-Control: max-age=300
Content-Security-Policy: default-src 'none'; style-src 'unsafe-inline'; sandbox
Content-Type: application/zip
ETag: "c69888a4ae59bc5a893392785a938ccd4937981c06ba8a9d6a21aa52b4ab5b6e"
Strict-Transport-Security: max-age=31536000
X-Content-Type-Options: nosniff
X-Frame-Options: deny
X-XSS-Protection: 1; mode=block
X-GitHub-Request-Id: 10AC:335391:9EA6C5:A70E03:666B1285
Accept-Ranges: bytes
Date: Thu, 13 Jun 2024 15:38:45 GMT
Via: 1.1 varnish
X-Served-By: cache-par-lfpg1960086-PAR
X-Cache: MISS
X-Cache-Hits: 0
X-Timer: S1718293125.446854,VS0,VE178
Vary: Authorization,Accept-Encoding,Origin
Access-Control-Allow-Origin: *
Cross-Origin-Resource-Policy: cross-origin
X-Fastly-Request-ID: 5e1082082559f9db072f0a2a85be9e92304fdd8a
Expires: Thu, 13 Jun 2024 15:43:45 GMT
Source-Age: 0

]
[2024-06-13 17:38:46,824: INFO: main: >>>>> stage Data Ingestion stage completed <<<<< 

 x======x]
[2024-06-13 17:38:46,826: INFO: main: >>>>> stage Data Validation stage started <<<<<]
[2024-06-13 17:38:46,828: INFO: common: yaml file: config\config.yaml loaded successfully]
[2024-06-13 17:38:46,829: INFO: common: yaml file: params.yaml loaded successfully]
[2024-06-13 17:38:46,832: INFO: common: yaml file: schema.yaml loaded successfully]
[2024-06-13 17:38:46,835: INFO: common: created directory at: artifacts]
[2024-06-13 17:38:46,837: INFO: common: created directory at: artifacts/data_validation]
[2024-06-13 17:38:46,869: INFO: main: >>>>> stage Data Validation stage completed <<<<< 

 x======x]
[2024-06-13 17:38:46,871: INFO: main: >>>>> stage Data Transformation stage started <<<<<]
[2024-06-13 17:38:46,877: INFO: common: yaml file: config\config.yaml loaded successfully]
[2024-06-13 17:38:46,879: INFO: common: yaml file: params.yaml loaded successfully]
[2024-06-13 17:38:46,882: INFO: common: yaml file: schema.yaml loaded successfully]
[2024-06-13 17:38:46,884: INFO: common: created directory at: artifacts]
[2024-06-13 17:38:46,888: INFO: common: created directory at: artifacts/data_transformation]
[2024-06-13 17:38:46,928: INFO: data_transformation: Splitted data into training and test sets]
[2024-06-13 17:38:46,929: INFO: data_transformation: X_train shape: (1279, 11), y_train shape: (1279,)]
[2024-06-13 17:38:46,929: INFO: data_transformation: X_test shape: (320, 11), y_test shape: (320,)]
[2024-06-13 17:38:46,930: INFO: main: >>>>> stage Data Transformation stage completed <<<<< 

 x======x]
[2024-06-13 17:54:02,701: INFO: main: >>>>> stage Data Ingestion stage started <<<<<]
[2024-06-13 17:54:02,703: INFO: common: yaml file: config\config.yaml loaded successfully]
[2024-06-13 17:54:02,703: INFO: common: yaml file: params.yaml loaded successfully]
[2024-06-13 17:54:02,705: INFO: common: yaml file: schema.yaml loaded successfully]
[2024-06-13 17:54:02,706: INFO: common: created directory at: artifacts]
[2024-06-13 17:54:02,707: INFO: common: created directory at: artifacts/data_ingestion]
[2024-06-13 17:54:02,708: INFO: data_ingestion: File already exists of size: ~ 23 KB]
[2024-06-13 17:54:02,716: INFO: main: >>>>> stage Data Ingestion stage completed <<<<< 

 x======x]
[2024-06-13 17:54:02,716: INFO: main: >>>>> stage Data Validation stage started <<<<<]
[2024-06-13 17:54:02,717: INFO: common: yaml file: config\config.yaml loaded successfully]
[2024-06-13 17:54:02,718: INFO: common: yaml file: params.yaml loaded successfully]
[2024-06-13 17:54:02,719: INFO: common: yaml file: schema.yaml loaded successfully]
[2024-06-13 17:54:02,722: INFO: common: created directory at: artifacts]
[2024-06-13 17:54:02,722: INFO: common: created directory at: artifacts/data_validation]
[2024-06-13 17:54:02,782: INFO: main: >>>>> stage Data Validation stage completed <<<<< 

 x======x]
[2024-06-13 17:54:02,784: INFO: main: >>>>> stage Data Transformation stage started <<<<<]
[2024-06-13 17:54:02,803: INFO: common: yaml file: config\config.yaml loaded successfully]
[2024-06-13 17:54:02,804: INFO: common: yaml file: params.yaml loaded successfully]
[2024-06-13 17:54:02,806: INFO: common: yaml file: schema.yaml loaded successfully]
[2024-06-13 17:54:02,806: INFO: common: created directory at: artifacts]
[2024-06-13 17:54:02,807: INFO: common: created directory at: artifacts/data_transformation]
[2024-06-13 17:54:02,845: INFO: data_transformation: Splitted data into training and test sets]
[2024-06-13 17:54:02,846: INFO: data_transformation: X_train shape: (1279, 11), y_train shape: (1279,)]
[2024-06-13 17:54:02,846: INFO: data_transformation: X_test shape: (320, 11), y_test shape: (320,)]
[2024-06-13 17:54:02,847: INFO: main: >>>>> stage Data Transformation stage completed <<<<< 

 x======x]
[2024-06-13 17:54:24,670: INFO: main: >>>>> stage Data Ingestion stage started <<<<<]
[2024-06-13 17:54:24,671: INFO: common: yaml file: config\config.yaml loaded successfully]
[2024-06-13 17:54:24,672: INFO: common: yaml file: params.yaml loaded successfully]
[2024-06-13 17:54:24,684: INFO: common: yaml file: schema.yaml loaded successfully]
[2024-06-13 17:54:24,684: INFO: common: created directory at: artifacts]
[2024-06-13 17:54:24,685: INFO: common: created directory at: artifacts/data_ingestion]
[2024-06-13 17:54:24,685: INFO: data_ingestion: File already exists of size: ~ 23 KB]
[2024-06-13 17:54:24,689: INFO: main: >>>>> stage Data Ingestion stage completed <<<<< 

 x======x]
[2024-06-13 17:54:24,689: INFO: main: >>>>> stage Data Validation stage started <<<<<]
[2024-06-13 17:54:24,691: INFO: common: yaml file: config\config.yaml loaded successfully]
[2024-06-13 17:54:24,692: INFO: common: yaml file: params.yaml loaded successfully]
[2024-06-13 17:54:24,694: INFO: common: yaml file: schema.yaml loaded successfully]
[2024-06-13 17:54:24,694: INFO: common: created directory at: artifacts]
[2024-06-13 17:54:24,695: INFO: common: created directory at: artifacts/data_validation]
[2024-06-13 17:54:24,719: INFO: main: >>>>> stage Data Validation stage completed <<<<< 

 x======x]
[2024-06-13 17:54:24,720: INFO: main: >>>>> stage Data Transformation stage started <<<<<]
[2024-06-13 17:54:24,723: INFO: common: yaml file: config\config.yaml loaded successfully]
[2024-06-13 17:54:24,723: INFO: common: yaml file: params.yaml loaded successfully]
[2024-06-13 17:54:24,725: INFO: common: yaml file: schema.yaml loaded successfully]
[2024-06-13 17:54:24,726: INFO: common: created directory at: artifacts]
[2024-06-13 17:54:24,727: INFO: common: created directory at: artifacts/data_transformation]
[2024-06-13 17:54:24,755: INFO: data_transformation: Splitted data into training and test sets]
[2024-06-13 17:54:24,755: INFO: data_transformation: X_train shape: (1279, 11), y_train shape: (1279,)]
[2024-06-13 17:54:24,755: INFO: data_transformation: X_test shape: (320, 11), y_test shape: (320,)]
[2024-06-13 17:54:24,758: INFO: main: >>>>> stage Data Transformation stage completed <<<<< 

 x======x]
[2024-06-13 17:55:21,481: INFO: main: >>>>> stage Data Ingestion stage started <<<<<]
[2024-06-13 17:55:21,483: INFO: common: yaml file: config\config.yaml loaded successfully]
[2024-06-13 17:55:21,483: INFO: common: yaml file: params.yaml loaded successfully]
[2024-06-13 17:55:21,485: INFO: common: yaml file: schema.yaml loaded successfully]
[2024-06-13 17:55:21,485: INFO: common: created directory at: artifacts]
[2024-06-13 17:55:21,486: INFO: common: created directory at: artifacts/data_ingestion]
[2024-06-13 17:55:21,486: INFO: data_ingestion: File already exists of size: ~ 23 KB]
[2024-06-13 17:55:21,488: INFO: main: >>>>> stage Data Ingestion stage completed <<<<< 

 x======x]
[2024-06-13 17:55:21,488: INFO: main: >>>>> stage Data Validation stage started <<<<<]
[2024-06-13 17:55:21,491: INFO: common: yaml file: config\config.yaml loaded successfully]
[2024-06-13 17:55:21,491: INFO: common: yaml file: params.yaml loaded successfully]
[2024-06-13 17:55:21,492: INFO: common: yaml file: schema.yaml loaded successfully]
[2024-06-13 17:55:21,494: INFO: common: created directory at: artifacts]
[2024-06-13 17:55:21,494: INFO: common: created directory at: artifacts/data_validation]
[2024-06-13 17:55:21,516: INFO: main: >>>>> stage Data Validation stage completed <<<<< 

 x======x]
[2024-06-13 17:55:21,516: INFO: main: >>>>> stage Data Transformation stage started <<<<<]
[2024-06-13 17:55:21,519: INFO: common: yaml file: config\config.yaml loaded successfully]
[2024-06-13 17:55:21,521: INFO: common: yaml file: params.yaml loaded successfully]
[2024-06-13 17:55:21,522: INFO: common: yaml file: schema.yaml loaded successfully]
[2024-06-13 17:55:21,522: INFO: common: created directory at: artifacts]
[2024-06-13 17:55:21,523: INFO: common: created directory at: artifacts/data_transformation]
[2024-06-13 17:55:21,549: INFO: data_transformation: Splitted data into training and test sets]
[2024-06-13 17:55:21,549: INFO: data_transformation: X_train shape: (1279, 11), y_train shape: (1279,)]
[2024-06-13 17:55:21,550: INFO: data_transformation: X_test shape: (320, 11), y_test shape: (320,)]
[2024-06-13 17:55:21,551: INFO: main: >>>>> stage Data Transformation stage completed <<<<< 

 x======x]
[2024-06-13 17:55:40,915: INFO: main: >>>>> stage Data Ingestion stage started <<<<<]
[2024-06-13 17:55:40,917: INFO: common: yaml file: config\config.yaml loaded successfully]
[2024-06-13 17:55:40,918: INFO: common: yaml file: params.yaml loaded successfully]
[2024-06-13 17:55:40,919: INFO: common: yaml file: schema.yaml loaded successfully]
[2024-06-13 17:55:40,921: INFO: common: created directory at: artifacts]
[2024-06-13 17:55:40,922: INFO: common: created directory at: artifacts/data_ingestion]
[2024-06-13 17:55:42,052: INFO: data_ingestion: artifacts/data_ingestion/data.zip download! With following info: 
Connection: close
Content-Length: 23329
Cache-Control: max-age=300
Content-Security-Policy: default-src 'none'; style-src 'unsafe-inline'; sandbox
Content-Type: application/zip
ETag: "c69888a4ae59bc5a893392785a938ccd4937981c06ba8a9d6a21aa52b4ab5b6e"
Strict-Transport-Security: max-age=31536000
X-Content-Type-Options: nosniff
X-Frame-Options: deny
X-XSS-Protection: 1; mode=block
X-GitHub-Request-Id: 10AC:335391:9EA6C5:A70E03:666B1285
Accept-Ranges: bytes
Date: Thu, 13 Jun 2024 15:55:40 GMT
Via: 1.1 varnish
X-Served-By: cache-par-lfpg1960069-PAR
X-Cache: HIT
X-Cache-Hits: 0
X-Timer: S1718294141.760330,VS0,VE134
Vary: Authorization,Accept-Encoding,Origin
Access-Control-Allow-Origin: *
Cross-Origin-Resource-Policy: cross-origin
X-Fastly-Request-ID: 2e2e7325435b6077174469ae8cf494469bc09f78
Expires: Thu, 13 Jun 2024 16:00:40 GMT
Source-Age: 0

]
[2024-06-13 17:55:42,102: INFO: main: >>>>> stage Data Ingestion stage completed <<<<< 

 x======x]
[2024-06-13 17:55:42,103: INFO: main: >>>>> stage Data Validation stage started <<<<<]
[2024-06-13 17:55:42,105: INFO: common: yaml file: config\config.yaml loaded successfully]
[2024-06-13 17:55:42,108: INFO: common: yaml file: params.yaml loaded successfully]
[2024-06-13 17:55:42,111: INFO: common: yaml file: schema.yaml loaded successfully]
[2024-06-13 17:55:42,112: INFO: common: created directory at: artifacts]
[2024-06-13 17:55:42,113: INFO: common: created directory at: artifacts/data_validation]
[2024-06-13 17:55:42,150: INFO: main: >>>>> stage Data Validation stage completed <<<<< 

 x======x]
[2024-06-13 17:55:42,152: INFO: main: >>>>> stage Data Transformation stage started <<<<<]
[2024-06-13 17:55:42,155: INFO: common: yaml file: config\config.yaml loaded successfully]
[2024-06-13 17:55:42,156: INFO: common: yaml file: params.yaml loaded successfully]
[2024-06-13 17:55:42,162: INFO: common: yaml file: schema.yaml loaded successfully]
[2024-06-13 17:55:42,163: INFO: common: created directory at: artifacts]
[2024-06-13 17:55:42,165: INFO: common: created directory at: artifacts/data_transformation]
[2024-06-13 17:55:42,205: INFO: data_transformation: Splitted data into training and test sets]
[2024-06-13 17:55:42,205: INFO: data_transformation: X_train shape: (1279, 11), y_train shape: (1279,)]
[2024-06-13 17:55:42,205: INFO: data_transformation: X_test shape: (320, 11), y_test shape: (320,)]
[2024-06-13 17:55:42,212: INFO: main: >>>>> stage Data Transformation stage completed <<<<< 

 x======x]
[2024-06-13 17:56:28,126: INFO: main: >>>>> stage Data Ingestion stage started <<<<<]
[2024-06-13 17:56:28,127: INFO: common: yaml file: config\config.yaml loaded successfully]
[2024-06-13 17:56:28,128: INFO: common: yaml file: params.yaml loaded successfully]
[2024-06-13 17:56:28,129: INFO: common: yaml file: schema.yaml loaded successfully]
[2024-06-13 17:56:28,130: INFO: common: created directory at: artifacts]
[2024-06-13 17:56:28,130: INFO: common: created directory at: artifacts/data_ingestion]
[2024-06-13 17:56:28,131: INFO: data_ingestion: File already exists of size: ~ 23 KB]
[2024-06-13 17:56:28,135: INFO: main: >>>>> stage Data Ingestion stage completed <<<<< 

 x======x]
[2024-06-13 17:56:28,137: INFO: main: >>>>> stage Data Validation stage started <<<<<]
[2024-06-13 17:56:28,139: INFO: common: yaml file: config\config.yaml loaded successfully]
[2024-06-13 17:56:28,141: INFO: common: yaml file: params.yaml loaded successfully]
[2024-06-13 17:56:28,143: INFO: common: yaml file: schema.yaml loaded successfully]
[2024-06-13 17:56:28,147: INFO: common: created directory at: artifacts]
[2024-06-13 17:56:28,148: INFO: common: created directory at: artifacts/data_validation]
[2024-06-13 17:56:28,168: INFO: main: >>>>> stage Data Validation stage completed <<<<< 

 x======x]
[2024-06-13 17:56:28,169: INFO: main: >>>>> stage Data Transformation stage started <<<<<]
[2024-06-13 17:56:28,181: INFO: main: >>>>> stage Data Transformation stage completed <<<<< 

 x======x]
[2024-06-13 17:56:49,569: INFO: main: >>>>> stage Data Ingestion stage started <<<<<]
[2024-06-13 17:56:49,571: INFO: common: yaml file: config\config.yaml loaded successfully]
[2024-06-13 17:56:49,572: INFO: common: yaml file: params.yaml loaded successfully]
[2024-06-13 17:56:49,575: INFO: common: yaml file: schema.yaml loaded successfully]
[2024-06-13 17:56:49,576: INFO: common: created directory at: artifacts]
[2024-06-13 17:56:49,577: INFO: common: created directory at: artifacts/data_ingestion]
[2024-06-13 17:56:49,577: INFO: data_ingestion: File already exists of size: ~ 23 KB]
[2024-06-13 17:56:49,580: INFO: main: >>>>> stage Data Ingestion stage completed <<<<< 

 x======x]
[2024-06-13 17:56:49,581: INFO: main: >>>>> stage Data Validation stage started <<<<<]
[2024-06-13 17:56:49,583: INFO: common: yaml file: config\config.yaml loaded successfully]
[2024-06-13 17:56:49,584: INFO: common: yaml file: params.yaml loaded successfully]
[2024-06-13 17:56:49,586: INFO: common: yaml file: schema.yaml loaded successfully]
[2024-06-13 17:56:49,587: INFO: common: created directory at: artifacts]
[2024-06-13 17:56:49,587: INFO: common: created directory at: artifacts/data_validation]
[2024-06-13 17:56:49,608: INFO: main: >>>>> stage Data Validation stage completed <<<<< 

 x======x]
[2024-06-13 17:56:49,609: INFO: main: >>>>> stage Data Transformation stage started <<<<<]
[2024-06-13 17:56:49,613: INFO: common: yaml file: config\config.yaml loaded successfully]
[2024-06-13 17:56:49,615: INFO: common: yaml file: params.yaml loaded successfully]
[2024-06-13 17:56:49,618: INFO: common: yaml file: schema.yaml loaded successfully]
[2024-06-13 17:56:49,621: INFO: common: created directory at: artifacts]
[2024-06-13 17:56:49,622: INFO: common: created directory at: artifacts/data_transformation]
[2024-06-13 17:56:49,683: INFO: data_transformation: Splitted data into training and test sets]
[2024-06-13 17:56:49,685: INFO: data_transformation: X_train shape: (1279, 11), y_train shape: (1279,)]
[2024-06-13 17:56:49,685: INFO: data_transformation: X_test shape: (320, 11), y_test shape: (320,)]
[2024-06-13 17:56:49,686: INFO: main: >>>>> stage Data Transformation stage completed <<<<< 

 x======x]
[2024-06-17 12:10:43,969: INFO: common: yaml file: config\config.yaml loaded successfully]
[2024-06-17 12:10:43,983: INFO: common: yaml file: params.yaml loaded successfully]
[2024-06-17 12:10:44,041: INFO: common: yaml file: schema.yaml loaded successfully]
[2024-06-17 12:10:44,043: INFO: common: created directory at: artifacts]
[2024-06-17 12:10:44,045: INFO: common: created directory at: artifacts/model_trainer]
[2024-06-17 12:11:28,462: INFO: common: yaml file: config\config.yaml loaded successfully]
[2024-06-17 12:11:28,466: INFO: common: yaml file: params.yaml loaded successfully]
[2024-06-17 12:11:28,469: INFO: common: yaml file: schema.yaml loaded successfully]
[2024-06-17 12:11:28,470: INFO: common: created directory at: artifacts]
[2024-06-17 12:11:28,472: INFO: common: created directory at: artifacts/model_trainer]
[2024-06-17 12:22:07,635: INFO: main: >>>>> stage Data Ingestion stage started <<<<<]
[2024-06-17 12:22:07,638: INFO: common: yaml file: config\config.yaml loaded successfully]
[2024-06-17 12:22:07,639: INFO: common: yaml file: params.yaml loaded successfully]
[2024-06-17 12:22:07,642: INFO: common: yaml file: schema.yaml loaded successfully]
[2024-06-17 12:22:07,643: INFO: common: created directory at: artifacts]
[2024-06-17 12:22:07,643: INFO: common: created directory at: artifacts/data_ingestion]
[2024-06-17 12:22:08,839: INFO: data_ingestion: artifacts/data_ingestion/data.zip download! With following info: 
Connection: close
Content-Length: 23329
Cache-Control: max-age=300
Content-Security-Policy: default-src 'none'; style-src 'unsafe-inline'; sandbox
Content-Type: application/zip
ETag: "c69888a4ae59bc5a893392785a938ccd4937981c06ba8a9d6a21aa52b4ab5b6e"
Strict-Transport-Security: max-age=31536000
X-Content-Type-Options: nosniff
X-Frame-Options: deny
X-XSS-Protection: 1; mode=block
X-GitHub-Request-Id: 68B9:0DF5:26B3BFA:2913C3C:66700E50
Accept-Ranges: bytes
Date: Mon, 17 Jun 2024 10:22:08 GMT
Via: 1.1 varnish
X-Served-By: cache-par-lfpg1960074-PAR
X-Cache: MISS
X-Cache-Hits: 0
X-Timer: S1718619729.655184,VS0,VE164
Vary: Authorization,Accept-Encoding,Origin
Access-Control-Allow-Origin: *
Cross-Origin-Resource-Policy: cross-origin
X-Fastly-Request-ID: 710c1dbdac84dc84e9e97fafdbaa3bf8cabad059
Expires: Mon, 17 Jun 2024 10:27:08 GMT
Source-Age: 0

]
[2024-06-17 12:22:08,865: INFO: main: >>>>> stage Data Ingestion stage completed <<<<< 

 x======x]
[2024-06-17 12:22:08,865: INFO: main: >>>>> stage Data Validation stage started <<<<<]
[2024-06-17 12:22:08,867: INFO: common: yaml file: config\config.yaml loaded successfully]
[2024-06-17 12:22:08,868: INFO: common: yaml file: params.yaml loaded successfully]
[2024-06-17 12:22:08,871: INFO: common: yaml file: schema.yaml loaded successfully]
[2024-06-17 12:22:08,872: INFO: common: created directory at: artifacts]
[2024-06-17 12:22:08,873: INFO: common: created directory at: artifacts/data_validation]
[2024-06-17 12:22:08,907: INFO: main: >>>>> stage Data Validation stage completed <<<<< 

 x======x]
[2024-06-17 12:22:08,909: INFO: main: >>>>> stage Data Transformation stage started <<<<<]
[2024-06-17 12:22:08,925: INFO: common: yaml file: config\config.yaml loaded successfully]
[2024-06-17 12:22:08,927: INFO: common: yaml file: params.yaml loaded successfully]
[2024-06-17 12:22:08,930: INFO: common: yaml file: schema.yaml loaded successfully]
[2024-06-17 12:22:08,933: INFO: common: created directory at: artifacts]
[2024-06-17 12:22:08,934: INFO: common: created directory at: artifacts/data_transformation]
[2024-06-17 12:22:08,990: INFO: data_transformation: Splitted data into training and test sets]
[2024-06-17 12:22:08,991: INFO: data_transformation: X_train shape: (1279, 11), y_train shape: (1279,)]
[2024-06-17 12:22:08,991: INFO: data_transformation: X_test shape: (320, 11), y_test shape: (320,)]
[2024-06-17 12:22:08,994: INFO: main: >>>>> stage Data Transformation stage completed <<<<< 

 x======x]
[2024-06-17 12:22:08,994: INFO: main: >>>>> stage Model Trainer stage started <<<<<]
[2024-06-17 12:22:08,996: INFO: common: yaml file: config\config.yaml loaded successfully]
[2024-06-17 12:22:08,997: INFO: common: yaml file: params.yaml loaded successfully]
[2024-06-17 12:22:08,998: INFO: common: yaml file: schema.yaml loaded successfully]
[2024-06-17 12:22:08,999: INFO: common: created directory at: artifacts]
[2024-06-17 12:22:09,000: INFO: common: created directory at: artifacts/model_trainer]
[2024-06-17 12:22:09,046: INFO: main: >>>>> stage Model Trainer stage completed <<<<< 

 x========x]
[2024-06-17 17:58:19,764: INFO: common: yaml file: config\config.yaml loaded successfully]
[2024-06-17 17:58:19,789: INFO: common: yaml file: params.yaml loaded successfully]
[2024-06-17 17:58:19,802: INFO: common: yaml file: schema.yaml loaded successfully]
[2024-06-17 17:58:19,806: INFO: common: created directory at: artifacts]
[2024-06-17 17:58:27,529: INFO: common: yaml file: config\config.yaml loaded successfully]
[2024-06-17 17:58:27,531: INFO: common: yaml file: params.yaml loaded successfully]
[2024-06-17 17:58:27,535: INFO: common: yaml file: schema.yaml loaded successfully]
[2024-06-17 17:58:27,537: INFO: common: created directory at: artifacts]
[2024-06-17 18:01:29,751: INFO: common: yaml file: config\config.yaml loaded successfully]
[2024-06-17 18:01:29,754: INFO: common: yaml file: params.yaml loaded successfully]
[2024-06-17 18:01:29,758: INFO: common: yaml file: schema.yaml loaded successfully]
[2024-06-17 18:01:29,760: INFO: common: created directory at: artifacts]
[2024-06-17 18:03:25,605: INFO: common: yaml file: config\config.yaml loaded successfully]
[2024-06-17 18:03:25,608: INFO: common: yaml file: params.yaml loaded successfully]
[2024-06-17 18:03:25,618: INFO: common: yaml file: schema.yaml loaded successfully]
[2024-06-17 18:03:25,620: INFO: common: created directory at: artifacts]
[2024-06-17 18:04:03,088: INFO: common: yaml file: config\config.yaml loaded successfully]
[2024-06-17 18:04:03,091: INFO: common: yaml file: params.yaml loaded successfully]
[2024-06-17 18:04:03,097: INFO: common: yaml file: schema.yaml loaded successfully]
[2024-06-17 18:04:03,100: INFO: common: created directory at: artifacts]
[2024-06-17 18:04:14,493: INFO: common: yaml file: config\config.yaml loaded successfully]
[2024-06-17 18:04:14,495: INFO: common: yaml file: params.yaml loaded successfully]
[2024-06-17 18:04:14,499: INFO: common: yaml file: schema.yaml loaded successfully]
[2024-06-17 18:04:14,501: INFO: common: created directory at: artifacts]
[2024-06-17 18:07:20,690: INFO: common: yaml file: config\config.yaml loaded successfully]
[2024-06-17 18:07:20,693: INFO: common: yaml file: params.yaml loaded successfully]
[2024-06-17 18:07:20,701: INFO: common: yaml file: schema.yaml loaded successfully]
[2024-06-17 18:07:20,702: INFO: common: created directory at: artifacts]
[2024-06-17 18:08:36,180: INFO: common: yaml file: config\config.yaml loaded successfully]
[2024-06-17 18:08:36,182: INFO: common: yaml file: params.yaml loaded successfully]
[2024-06-17 18:08:36,186: INFO: common: yaml file: schema.yaml loaded successfully]
[2024-06-17 18:08:36,187: INFO: common: created directory at: artifacts]
[2024-06-17 18:10:51,549: INFO: common: yaml file: config\config.yaml loaded successfully]
[2024-06-17 18:10:51,554: INFO: common: yaml file: params.yaml loaded successfully]
[2024-06-17 18:10:51,559: INFO: common: yaml file: schema.yaml loaded successfully]
[2024-06-17 18:10:51,561: INFO: common: created directory at: artifacts]
[2024-06-17 18:11:34,024: INFO: common: yaml file: config\config.yaml loaded successfully]
[2024-06-17 18:11:34,026: INFO: common: yaml file: params.yaml loaded successfully]
[2024-06-17 18:11:34,029: INFO: common: yaml file: schema.yaml loaded successfully]
[2024-06-17 18:11:34,030: INFO: common: created directory at: artifacts]
[2024-06-17 18:17:38,638: INFO: common: yaml file: config\config.yaml loaded successfully]
[2024-06-17 18:17:38,649: INFO: common: yaml file: params.yaml loaded successfully]
[2024-06-17 18:17:38,654: INFO: common: yaml file: schema.yaml loaded successfully]
[2024-06-17 18:17:38,657: INFO: common: created directory at: artifacts]
[2024-06-17 18:23:11,470: INFO: common: yaml file: config\config.yaml loaded successfully]
[2024-06-17 18:23:11,473: INFO: common: yaml file: params.yaml loaded successfully]
[2024-06-17 18:23:11,476: INFO: common: yaml file: schema.yaml loaded successfully]
[2024-06-17 18:23:11,478: INFO: common: created directory at: artifacts]
[2024-06-17 18:24:47,179: INFO: common: yaml file: config\config.yaml loaded successfully]
[2024-06-17 18:24:47,182: INFO: common: yaml file: params.yaml loaded successfully]
[2024-06-17 18:24:47,186: INFO: common: yaml file: schema.yaml loaded successfully]
[2024-06-17 18:24:47,188: INFO: common: created directory at: artifacts]
[2024-06-17 18:24:47,487: INFO: common: json file saved at: metrics.json]
[2024-06-17 18:26:55,921: INFO: common: yaml file: config\config.yaml loaded successfully]
[2024-06-17 18:26:55,931: INFO: common: yaml file: params.yaml loaded successfully]
[2024-06-17 18:26:55,935: INFO: common: yaml file: schema.yaml loaded successfully]
[2024-06-17 18:26:55,938: INFO: common: created directory at: artifacts]
[2024-06-17 18:26:55,943: INFO: common: created directory at: artifacts/model_evaluation]
[2024-06-17 18:26:56,522: INFO: common: json file saved at: artifacts\model_evaluation\metrics.json]
[2024-06-17 18:28:45,785: INFO: common: yaml file: config\config.yaml loaded successfully]
[2024-06-17 18:28:45,798: INFO: common: yaml file: params.yaml loaded successfully]
[2024-06-17 18:28:45,801: INFO: common: yaml file: schema.yaml loaded successfully]
[2024-06-17 18:28:45,802: INFO: common: created directory at: artifacts]
[2024-06-17 18:28:45,803: INFO: common: created directory at: artifacts/model_evaluation]
[2024-06-17 18:28:46,095: INFO: common: json file saved at: artifacts\model_evaluation\metrics.json]
[2024-06-17 18:36:33,408: INFO: main: >>>>> stage Data Ingestion stage started <<<<<]
[2024-06-17 18:36:33,413: INFO: common: yaml file: config\config.yaml loaded successfully]
[2024-06-17 18:36:33,416: INFO: common: yaml file: params.yaml loaded successfully]
[2024-06-17 18:36:33,418: INFO: common: yaml file: schema.yaml loaded successfully]
[2024-06-17 18:36:33,419: INFO: common: created directory at: artifacts]
[2024-06-17 18:36:33,420: INFO: common: created directory at: artifacts/data_ingestion]
[2024-06-17 18:36:35,308: INFO: data_ingestion: artifacts/data_ingestion/data.zip download! With following info: 
Connection: close
Content-Length: 23329
Cache-Control: max-age=300
Content-Security-Policy: default-src 'none'; style-src 'unsafe-inline'; sandbox
Content-Type: application/zip
ETag: "c69888a4ae59bc5a893392785a938ccd4937981c06ba8a9d6a21aa52b4ab5b6e"
Strict-Transport-Security: max-age=31536000
X-Content-Type-Options: nosniff
X-Frame-Options: deny
X-XSS-Protection: 1; mode=block
X-GitHub-Request-Id: 53FF:1A709D:5082FC:53F1D3:66706612
Accept-Ranges: bytes
Date: Mon, 17 Jun 2024 16:36:35 GMT
Via: 1.1 varnish
X-Served-By: cache-par-lfpg1960037-PAR
X-Cache: MISS
X-Cache-Hits: 0
X-Timer: S1718642195.092035,VS0,VE178
Vary: Authorization,Accept-Encoding,Origin
Access-Control-Allow-Origin: *
Cross-Origin-Resource-Policy: cross-origin
X-Fastly-Request-ID: 08e21806c52a46827aa58ab42e2b9fb03ee6ed7b
Expires: Mon, 17 Jun 2024 16:41:35 GMT
Source-Age: 0

]
[2024-06-17 18:36:35,355: INFO: main: >>>>> stage Data Ingestion stage completed <<<<< 

 x======x]
[2024-06-17 18:36:35,355: INFO: main: >>>>> stage Data Validation stage started <<<<<]
[2024-06-17 18:36:35,358: INFO: common: yaml file: config\config.yaml loaded successfully]
[2024-06-17 18:36:35,359: INFO: common: yaml file: params.yaml loaded successfully]
[2024-06-17 18:36:35,360: INFO: common: yaml file: schema.yaml loaded successfully]
[2024-06-17 18:36:35,362: INFO: common: created directory at: artifacts]
[2024-06-17 18:36:35,363: INFO: common: created directory at: artifacts/data_validation]
[2024-06-17 18:36:35,423: INFO: main: >>>>> stage Data Validation stage completed <<<<< 

 x======x]
[2024-06-17 18:36:35,424: INFO: main: >>>>> stage Data Transformation stage started <<<<<]
[2024-06-17 18:36:35,440: INFO: common: yaml file: config\config.yaml loaded successfully]
[2024-06-17 18:36:35,440: INFO: common: yaml file: params.yaml loaded successfully]
[2024-06-17 18:36:35,441: INFO: common: yaml file: schema.yaml loaded successfully]
[2024-06-17 18:36:35,442: INFO: common: created directory at: artifacts]
[2024-06-17 18:36:35,443: INFO: common: created directory at: artifacts/data_transformation]
[2024-06-17 18:36:35,496: INFO: data_transformation: Splitted data into training and test sets]
[2024-06-17 18:36:35,497: INFO: data_transformation: X_train shape: (1279, 11), y_train shape: (1279,)]
[2024-06-17 18:36:35,497: INFO: data_transformation: X_test shape: (320, 11), y_test shape: (320,)]
[2024-06-17 18:36:35,502: INFO: main: >>>>> stage Data Transformation stage completed <<<<< 

 x======x]
[2024-06-17 18:36:35,504: INFO: main: >>>>> stage Model Trainer stage started <<<<<]
[2024-06-17 18:36:35,507: INFO: common: yaml file: config\config.yaml loaded successfully]
[2024-06-17 18:36:35,507: INFO: common: yaml file: params.yaml loaded successfully]
[2024-06-17 18:36:35,510: INFO: common: yaml file: schema.yaml loaded successfully]
[2024-06-17 18:36:35,511: INFO: common: created directory at: artifacts]
[2024-06-17 18:36:35,512: INFO: common: created directory at: artifacts/model_trainer]
[2024-06-17 18:36:35,594: INFO: main: >>>>> stage Model Trainer stage completed <<<<< 

 x========x]
[2024-06-17 18:36:35,595: INFO: main: >>>>> stage Model Evaluation stage started <<<<<]
[2024-06-17 18:36:35,600: INFO: common: yaml file: config\config.yaml loaded successfully]
[2024-06-17 18:36:35,601: INFO: common: yaml file: params.yaml loaded successfully]
[2024-06-17 18:36:35,603: INFO: common: yaml file: schema.yaml loaded successfully]
[2024-06-17 18:36:35,604: INFO: common: created directory at: artifacts]
[2024-06-17 18:36:35,605: INFO: common: created directory at: artifacts/model_evaluation]
[2024-06-17 18:36:35,959: INFO: common: json file saved at: artifacts\model_evaluation\metrics.json]
[2024-06-17 18:36:43,032: INFO: main: >>>>> stage Model Evaluation stage completed <<<<< 

 x========x]
[2024-06-17 18:39:06,353: INFO: main: >>>>> stage Data Ingestion stage started <<<<<]
[2024-06-17 18:39:06,356: INFO: common: yaml file: config\config.yaml loaded successfully]
[2024-06-17 18:39:06,367: INFO: common: yaml file: params.yaml loaded successfully]
[2024-06-17 18:39:06,369: INFO: common: yaml file: schema.yaml loaded successfully]
[2024-06-17 18:39:06,370: INFO: common: created directory at: artifacts]
[2024-06-17 18:39:06,370: INFO: common: created directory at: artifacts/data_ingestion]
[2024-06-17 18:39:06,370: INFO: data_ingestion: File already exists of size: ~ 23 KB]
[2024-06-17 18:39:06,374: INFO: main: >>>>> stage Data Ingestion stage completed <<<<< 

 x======x]
[2024-06-17 18:39:06,374: INFO: main: >>>>> stage Data Validation stage started <<<<<]
[2024-06-17 18:39:06,378: INFO: common: yaml file: config\config.yaml loaded successfully]
[2024-06-17 18:39:06,382: INFO: common: yaml file: params.yaml loaded successfully]
[2024-06-17 18:39:06,384: INFO: common: yaml file: schema.yaml loaded successfully]
[2024-06-17 18:39:06,386: INFO: common: created directory at: artifacts]
[2024-06-17 18:39:06,387: INFO: common: created directory at: artifacts/data_validation]
[2024-06-17 18:39:06,444: INFO: main: >>>>> stage Data Validation stage completed <<<<< 

 x======x]
[2024-06-17 18:39:06,444: INFO: main: >>>>> stage Data Transformation stage started <<<<<]
[2024-06-17 18:39:06,451: INFO: common: yaml file: config\config.yaml loaded successfully]
[2024-06-17 18:39:06,451: INFO: common: yaml file: params.yaml loaded successfully]
[2024-06-17 18:39:06,453: INFO: common: yaml file: schema.yaml loaded successfully]
[2024-06-17 18:39:06,453: INFO: common: created directory at: artifacts]
[2024-06-17 18:39:06,455: INFO: common: created directory at: artifacts/data_transformation]
[2024-06-17 18:39:06,511: INFO: data_transformation: Splitted data into training and test sets]
[2024-06-17 18:39:06,516: INFO: data_transformation: X_train shape: (1279, 11), y_train shape: (1279,)]
[2024-06-17 18:39:06,517: INFO: data_transformation: X_test shape: (320, 11), y_test shape: (320,)]
[2024-06-17 18:39:06,519: INFO: main: >>>>> stage Data Transformation stage completed <<<<< 

 x======x]
[2024-06-17 18:39:06,519: INFO: main: >>>>> stage Model Trainer stage started <<<<<]
[2024-06-17 18:39:06,523: INFO: common: yaml file: config\config.yaml loaded successfully]
[2024-06-17 18:39:06,525: INFO: common: yaml file: params.yaml loaded successfully]
[2024-06-17 18:39:06,526: INFO: common: yaml file: schema.yaml loaded successfully]
[2024-06-17 18:39:06,527: INFO: common: created directory at: artifacts]
[2024-06-17 18:39:06,528: INFO: common: created directory at: artifacts/model_trainer]
[2024-06-17 18:39:06,588: INFO: main: >>>>> stage Model Trainer stage completed <<<<< 

 x========x]
[2024-06-17 18:39:06,589: INFO: main: >>>>> stage Model Evaluation stage started <<<<<]
[2024-06-17 18:39:06,591: INFO: common: yaml file: config\config.yaml loaded successfully]
[2024-06-17 18:39:06,591: INFO: common: yaml file: params.yaml loaded successfully]
[2024-06-17 18:39:06,594: INFO: common: yaml file: schema.yaml loaded successfully]
[2024-06-17 18:39:06,597: INFO: common: created directory at: artifacts]
[2024-06-17 18:39:06,600: INFO: common: created directory at: artifacts/model_evaluation]
[2024-06-17 18:39:06,997: INFO: common: json file saved at: artifacts\model_evaluation\metrics.json]
[2024-06-17 18:39:12,711: INFO: main: >>>>> stage Model Evaluation stage completed <<<<< 

 x========x]
[2024-06-17 18:40:21,689: INFO: main: >>>>> stage Data Ingestion stage started <<<<<]
[2024-06-17 18:40:21,693: INFO: common: yaml file: config\config.yaml loaded successfully]
[2024-06-17 18:40:21,693: INFO: common: yaml file: params.yaml loaded successfully]
[2024-06-17 18:40:21,695: INFO: common: yaml file: schema.yaml loaded successfully]
[2024-06-17 18:40:21,696: INFO: common: created directory at: artifacts]
[2024-06-17 18:40:21,696: INFO: common: created directory at: artifacts/data_ingestion]
[2024-06-17 18:40:22,636: INFO: data_ingestion: artifacts/data_ingestion/data.zip download! With following info: 
Connection: close
Content-Length: 23329
Cache-Control: max-age=300
Content-Security-Policy: default-src 'none'; style-src 'unsafe-inline'; sandbox
Content-Type: application/zip
ETag: "c69888a4ae59bc5a893392785a938ccd4937981c06ba8a9d6a21aa52b4ab5b6e"
Strict-Transport-Security: max-age=31536000
X-Content-Type-Options: nosniff
X-Frame-Options: deny
X-XSS-Protection: 1; mode=block
X-GitHub-Request-Id: 53FF:1A709D:5082FC:53F1D3:66706612
Accept-Ranges: bytes
Date: Mon, 17 Jun 2024 16:40:22 GMT
Via: 1.1 varnish
X-Served-By: cache-par-lfpg1960094-PAR
X-Cache: HIT
X-Cache-Hits: 0
X-Timer: S1718642423.588132,VS0,VE10
Vary: Authorization,Accept-Encoding,Origin
Access-Control-Allow-Origin: *
Cross-Origin-Resource-Policy: cross-origin
X-Fastly-Request-ID: 8c324d9cd28aa7510dfcfee001b7bb8649bc0b06
Expires: Mon, 17 Jun 2024 16:45:22 GMT
Source-Age: 227

]
[2024-06-17 18:40:22,661: INFO: main: >>>>> stage Data Ingestion stage completed <<<<< 

 x======x]
[2024-06-17 18:40:22,662: INFO: main: >>>>> stage Data Validation stage started <<<<<]
[2024-06-17 18:40:22,665: INFO: common: yaml file: config\config.yaml loaded successfully]
[2024-06-17 18:40:22,667: INFO: common: yaml file: params.yaml loaded successfully]
[2024-06-17 18:40:22,669: INFO: common: yaml file: schema.yaml loaded successfully]
[2024-06-17 18:40:22,670: INFO: common: created directory at: artifacts]
[2024-06-17 18:40:22,671: INFO: common: created directory at: artifacts/data_validation]
[2024-06-17 18:40:22,699: INFO: main: >>>>> stage Data Validation stage completed <<<<< 

 x======x]
[2024-06-17 18:40:22,700: INFO: main: >>>>> stage Data Transformation stage started <<<<<]
[2024-06-17 18:40:22,707: INFO: common: yaml file: config\config.yaml loaded successfully]
[2024-06-17 18:40:22,708: INFO: common: yaml file: params.yaml loaded successfully]
[2024-06-17 18:40:22,711: INFO: common: yaml file: schema.yaml loaded successfully]
[2024-06-17 18:40:22,712: INFO: common: created directory at: artifacts]
[2024-06-17 18:40:22,714: INFO: common: created directory at: artifacts/data_transformation]
[2024-06-17 18:40:22,758: INFO: data_transformation: Splitted data into training and test sets]
[2024-06-17 18:40:22,760: INFO: data_transformation: X_train shape: (1279, 11), y_train shape: (1279,)]
[2024-06-17 18:40:22,760: INFO: data_transformation: X_test shape: (320, 11), y_test shape: (320,)]
[2024-06-17 18:40:22,761: INFO: main: >>>>> stage Data Transformation stage completed <<<<< 

 x======x]
[2024-06-17 18:40:22,761: INFO: main: >>>>> stage Model Trainer stage started <<<<<]
[2024-06-17 18:40:22,764: INFO: common: yaml file: config\config.yaml loaded successfully]
[2024-06-17 18:40:22,767: INFO: common: yaml file: params.yaml loaded successfully]
[2024-06-17 18:40:22,768: INFO: common: yaml file: schema.yaml loaded successfully]
[2024-06-17 18:40:22,769: INFO: common: created directory at: artifacts]
[2024-06-17 18:40:22,769: INFO: common: created directory at: artifacts/model_trainer]
[2024-06-17 18:40:22,810: INFO: main: >>>>> stage Model Trainer stage completed <<<<< 

 x========x]
[2024-06-17 18:40:22,811: INFO: main: >>>>> stage Model Evaluation stage started <<<<<]
[2024-06-17 18:40:22,814: INFO: common: yaml file: config\config.yaml loaded successfully]
[2024-06-17 18:40:22,815: INFO: common: yaml file: params.yaml loaded successfully]
[2024-06-17 18:40:22,818: INFO: common: yaml file: schema.yaml loaded successfully]
[2024-06-17 18:40:22,820: INFO: common: created directory at: artifacts]
[2024-06-17 18:40:22,821: INFO: common: created directory at: artifacts/model_evaluation]
[2024-06-17 18:40:23,131: INFO: common: json file saved at: artifacts\model_evaluation\metrics.json]
[2024-06-17 18:40:30,075: INFO: main: >>>>> stage Model Evaluation stage completed <<<<< 

 x========x]
[2024-06-17 18:42:23,180: INFO: common: yaml file: config\config.yaml loaded successfully]
[2024-06-17 18:42:23,188: INFO: common: yaml file: params.yaml loaded successfully]
[2024-06-17 18:42:23,191: INFO: common: yaml file: schema.yaml loaded successfully]
[2024-06-17 18:42:23,194: INFO: common: created directory at: artifacts]
[2024-06-17 18:42:23,197: INFO: common: created directory at: artifacts/model_evaluation]
[2024-06-17 18:42:23,871: INFO: common: json file saved at: artifacts\model_evaluation\metrics.json]
[2024-06-17 18:46:30,344: INFO: main: >>>>> stage Data Ingestion stage started <<<<<]
[2024-06-17 18:46:30,348: INFO: common: yaml file: config\config.yaml loaded successfully]
[2024-06-17 18:46:30,348: INFO: common: yaml file: params.yaml loaded successfully]
[2024-06-17 18:46:30,351: INFO: common: yaml file: schema.yaml loaded successfully]
[2024-06-17 18:46:30,352: INFO: common: created directory at: artifacts]
[2024-06-17 18:46:30,352: INFO: common: created directory at: artifacts/data_ingestion]
[2024-06-17 18:46:30,353: INFO: data_ingestion: File already exists of size: ~ 23 KB]
[2024-06-17 18:46:30,360: INFO: main: >>>>> stage Data Ingestion stage completed <<<<< 

 x======x]
[2024-06-17 18:46:30,364: INFO: main: >>>>> stage Data Validation stage started <<<<<]
[2024-06-17 18:46:30,370: INFO: common: yaml file: config\config.yaml loaded successfully]
[2024-06-17 18:46:30,375: INFO: common: yaml file: params.yaml loaded successfully]
[2024-06-17 18:46:30,378: INFO: common: yaml file: schema.yaml loaded successfully]
[2024-06-17 18:46:30,381: INFO: common: created directory at: artifacts]
[2024-06-17 18:46:30,383: INFO: common: created directory at: artifacts/data_validation]
[2024-06-17 18:46:30,419: INFO: main: >>>>> stage Data Validation stage completed <<<<< 

 x======x]
[2024-06-17 18:46:30,419: INFO: main: >>>>> stage Data Transformation stage started <<<<<]
[2024-06-17 18:46:30,422: INFO: common: yaml file: config\config.yaml loaded successfully]
[2024-06-17 18:46:30,425: INFO: common: yaml file: params.yaml loaded successfully]
[2024-06-17 18:46:30,428: INFO: common: yaml file: schema.yaml loaded successfully]
[2024-06-17 18:46:30,431: INFO: common: created directory at: artifacts]
[2024-06-17 18:46:30,432: INFO: common: created directory at: artifacts/data_transformation]
[2024-06-17 18:46:30,470: INFO: data_transformation: Splitted data into training and test sets]
[2024-06-17 18:46:30,470: INFO: data_transformation: X_train shape: (1279, 11), y_train shape: (1279,)]
[2024-06-17 18:46:30,470: INFO: data_transformation: X_test shape: (320, 11), y_test shape: (320,)]
[2024-06-17 18:46:30,471: INFO: main: >>>>> stage Data Transformation stage completed <<<<< 

 x======x]
[2024-06-17 18:46:30,471: INFO: main: >>>>> stage Model Trainer stage started <<<<<]
[2024-06-17 18:46:30,474: INFO: common: yaml file: config\config.yaml loaded successfully]
[2024-06-17 18:46:30,474: INFO: common: yaml file: params.yaml loaded successfully]
[2024-06-17 18:46:30,476: INFO: common: yaml file: schema.yaml loaded successfully]
[2024-06-17 18:46:30,478: INFO: common: created directory at: artifacts]
[2024-06-17 18:46:30,480: INFO: common: created directory at: artifacts/model_trainer]
[2024-06-17 18:46:30,521: INFO: main: >>>>> stage Model Trainer stage completed <<<<< 

 x========x]
[2024-06-17 18:46:30,522: INFO: main: >>>>> stage Model Evaluation stage started <<<<<]
[2024-06-17 18:46:30,527: INFO: common: yaml file: config\config.yaml loaded successfully]
[2024-06-17 18:46:30,529: INFO: common: yaml file: params.yaml loaded successfully]
[2024-06-17 18:46:30,530: INFO: common: yaml file: schema.yaml loaded successfully]
[2024-06-17 18:46:30,530: INFO: common: created directory at: artifacts]
[2024-06-17 18:46:30,531: INFO: common: created directory at: artifacts/model_evaluation]
[2024-06-17 18:46:31,008: INFO: common: json file saved at: artifacts\model_evaluation\metrics.json]
[2024-06-17 18:46:43,597: INFO: main: >>>>> stage Model Evaluation stage completed <<<<< 

 x========x]
[2024-06-17 18:47:55,060: INFO: helpers: Initialized MLflow to track repo "mjdocevedo/ML_MLOps"]
[2024-06-17 18:47:55,060: INFO: helpers: Repository mjdocevedo/ML_MLOps initialized!]
[2024-06-17 18:47:55,060: INFO: main: >>>>> stage Data Ingestion stage started <<<<<]
[2024-06-17 18:47:55,086: INFO: common: yaml file: config\config.yaml loaded successfully]
[2024-06-17 18:47:55,088: INFO: common: yaml file: params.yaml loaded successfully]
[2024-06-17 18:47:55,089: INFO: common: yaml file: schema.yaml loaded successfully]
[2024-06-17 18:47:55,089: INFO: common: created directory at: artifacts]
[2024-06-17 18:47:55,092: INFO: common: created directory at: artifacts/data_ingestion]
[2024-06-17 18:47:55,092: INFO: data_ingestion: File already exists of size: ~ 23 KB]
[2024-06-17 18:47:55,096: INFO: main: >>>>> stage Data Ingestion stage completed <<<<< 

 x======x]
[2024-06-17 18:47:55,098: INFO: main: >>>>> stage Data Validation stage started <<<<<]
[2024-06-17 18:47:55,100: INFO: common: yaml file: config\config.yaml loaded successfully]
[2024-06-17 18:47:55,103: INFO: common: yaml file: params.yaml loaded successfully]
[2024-06-17 18:47:55,105: INFO: common: yaml file: schema.yaml loaded successfully]
[2024-06-17 18:47:55,107: INFO: common: created directory at: artifacts]
[2024-06-17 18:47:55,107: INFO: common: created directory at: artifacts/data_validation]
[2024-06-17 18:47:55,129: INFO: main: >>>>> stage Data Validation stage completed <<<<< 

 x======x]
[2024-06-17 18:47:55,131: INFO: main: >>>>> stage Data Transformation stage started <<<<<]
[2024-06-17 18:47:55,135: INFO: common: yaml file: config\config.yaml loaded successfully]
[2024-06-17 18:47:55,138: INFO: common: yaml file: params.yaml loaded successfully]
[2024-06-17 18:47:55,138: INFO: common: yaml file: schema.yaml loaded successfully]
[2024-06-17 18:47:55,147: INFO: common: created directory at: artifacts]
[2024-06-17 18:47:55,148: INFO: common: created directory at: artifacts/data_transformation]
[2024-06-17 18:47:55,205: INFO: data_transformation: Splitted data into training and test sets]
[2024-06-17 18:47:55,205: INFO: data_transformation: X_train shape: (1279, 11), y_train shape: (1279,)]
[2024-06-17 18:47:55,205: INFO: data_transformation: X_test shape: (320, 11), y_test shape: (320,)]
[2024-06-17 18:47:55,209: INFO: main: >>>>> stage Data Transformation stage completed <<<<< 

 x======x]
[2024-06-17 18:47:55,209: INFO: main: >>>>> stage Model Trainer stage started <<<<<]
[2024-06-17 18:47:55,209: INFO: common: yaml file: config\config.yaml loaded successfully]
[2024-06-17 18:47:55,213: INFO: common: yaml file: params.yaml loaded successfully]
[2024-06-17 18:47:55,213: INFO: common: yaml file: schema.yaml loaded successfully]
[2024-06-17 18:47:55,213: INFO: common: created directory at: artifacts]
[2024-06-17 18:47:55,213: INFO: common: created directory at: artifacts/model_trainer]
[2024-06-17 18:47:55,254: INFO: main: >>>>> stage Model Trainer stage completed <<<<< 

 x========x]
[2024-06-17 18:47:55,254: INFO: main: >>>>> stage Model Evaluation stage started <<<<<]
[2024-06-17 18:47:55,264: INFO: common: yaml file: config\config.yaml loaded successfully]
[2024-06-17 18:47:55,267: INFO: common: yaml file: params.yaml loaded successfully]
[2024-06-17 18:47:55,269: INFO: common: yaml file: schema.yaml loaded successfully]
[2024-06-17 18:47:55,271: INFO: common: created directory at: artifacts]
[2024-06-17 18:47:55,274: INFO: common: created directory at: artifacts/model_evaluation]
[2024-06-17 18:47:55,897: INFO: common: json file saved at: artifacts\model_evaluation\metrics.json]
[2024-06-17 18:48:05,949: INFO: main: >>>>> stage Model Evaluation stage completed <<<<< 

 x========x]
